<?xml version="1.0" encoding="UTF-8"?>
<testsuite xmlns:xsi="http://www.w3.org/2001/XMLSchema-instance" xsi:noNamespaceSchemaLocation="https://maven.apache.org/surefire/maven-surefire-plugin/xsd/surefire-test-report.xsd" name="Login Functionality #1" time="27.74" tests="3" errors="0" skipped="0" failures="0">
  <properties>
    <property name="java.specification.version" value="14"/>
    <property name="webdriver.chrome.driver" value="driver/chromedriver"/>
    <property name="sun.jnu.encoding" value="UTF-8"/>
    <property name="java.class.path" value="/Users/muammer/IdeaProjects/com.tau.cucumber.course/target/test-classes:/Users/muammer/IdeaProjects/com.tau.cucumber.course/target/classes:/Users/muammer/.m2/repository/io/cucumber/cucumber-java/6.8.2/cucumber-java-6.8.2.jar:/Users/muammer/.m2/repository/io/cucumber/cucumber-core/6.8.2/cucumber-core-6.8.2.jar:/Users/muammer/.m2/repository/io/cucumber/cucumber-gherkin/6.8.2/cucumber-gherkin-6.8.2.jar:/Users/muammer/.m2/repository/io/cucumber/cucumber-gherkin-messages/6.8.2/cucumber-gherkin-messages-6.8.2.jar:/Users/muammer/.m2/repository/io/cucumber/messages/13.1.0/messages-13.1.0.jar:/Users/muammer/.m2/repository/io/cucumber/tag-expressions/3.0.0/tag-expressions-3.0.0.jar:/Users/muammer/.m2/repository/io/cucumber/cucumber-expressions/10.3.0/cucumber-expressions-10.3.0.jar:/Users/muammer/.m2/repository/io/cucumber/datatable/3.5.0/datatable-3.5.0.jar:/Users/muammer/.m2/repository/io/cucumber/cucumber-plugin/6.8.2/cucumber-plugin-6.8.2.jar:/Users/muammer/.m2/repository/io/cucumber/docstring/6.8.2/docstring-6.8.2.jar:/Users/muammer/.m2/repository/io/cucumber/html-formatter/9.0.0/html-formatter-9.0.0.jar:/Users/muammer/.m2/repository/io/cucumber/create-meta/2.0.4/create-meta-2.0.4.jar:/Users/muammer/.m2/repository/org/apiguardian/apiguardian-api/1.1.0/apiguardian-api-1.1.0.jar:/Users/muammer/.m2/repository/io/cucumber/cucumber-junit/6.8.2/cucumber-junit-6.8.2.jar:/Users/muammer/.m2/repository/junit/junit/4.13.1/junit-4.13.1.jar:/Users/muammer/.m2/repository/org/hamcrest/hamcrest-core/1.3/hamcrest-core-1.3.jar:/Users/muammer/.m2/repository/org/seleniumhq/selenium/selenium-java/3.141.59/selenium-java-3.141.59.jar:/Users/muammer/.m2/repository/org/seleniumhq/selenium/selenium-api/3.141.59/selenium-api-3.141.59.jar:/Users/muammer/.m2/repository/org/seleniumhq/selenium/selenium-chrome-driver/3.141.59/selenium-chrome-driver-3.141.59.jar:/Users/muammer/.m2/repository/org/seleniumhq/selenium/selenium-edge-driver/3.141.59/selenium-edge-driver-3.141.59.jar:/Users/muammer/.m2/repository/org/seleniumhq/selenium/selenium-firefox-driver/3.141.59/selenium-firefox-driver-3.141.59.jar:/Users/muammer/.m2/repository/org/seleniumhq/selenium/selenium-ie-driver/3.141.59/selenium-ie-driver-3.141.59.jar:/Users/muammer/.m2/repository/org/seleniumhq/selenium/selenium-opera-driver/3.141.59/selenium-opera-driver-3.141.59.jar:/Users/muammer/.m2/repository/org/seleniumhq/selenium/selenium-remote-driver/3.141.59/selenium-remote-driver-3.141.59.jar:/Users/muammer/.m2/repository/org/seleniumhq/selenium/selenium-safari-driver/3.141.59/selenium-safari-driver-3.141.59.jar:/Users/muammer/.m2/repository/org/seleniumhq/selenium/selenium-support/3.141.59/selenium-support-3.141.59.jar:/Users/muammer/.m2/repository/net/bytebuddy/byte-buddy/1.8.15/byte-buddy-1.8.15.jar:/Users/muammer/.m2/repository/org/apache/commons/commons-exec/1.3/commons-exec-1.3.jar:/Users/muammer/.m2/repository/com/google/guava/guava/25.0-jre/guava-25.0-jre.jar:/Users/muammer/.m2/repository/com/google/code/findbugs/jsr305/1.3.9/jsr305-1.3.9.jar:/Users/muammer/.m2/repository/org/checkerframework/checker-compat-qual/2.0.0/checker-compat-qual-2.0.0.jar:/Users/muammer/.m2/repository/com/google/errorprone/error_prone_annotations/2.1.3/error_prone_annotations-2.1.3.jar:/Users/muammer/.m2/repository/com/google/j2objc/j2objc-annotations/1.1/j2objc-annotations-1.1.jar:/Users/muammer/.m2/repository/org/codehaus/mojo/animal-sniffer-annotations/1.14/animal-sniffer-annotations-1.14.jar:/Users/muammer/.m2/repository/com/squareup/okhttp3/okhttp/3.11.0/okhttp-3.11.0.jar:/Users/muammer/.m2/repository/com/squareup/okio/okio/1.14.0/okio-1.14.0.jar:/Users/muammer/.m2/repository/io/cucumber/cucumber-picocontainer/6.8.2/cucumber-picocontainer-6.8.2.jar:/Users/muammer/.m2/repository/org/picocontainer/picocontainer/2.15/picocontainer-2.15.jar:"/>
    <property name="java.vm.vendor" value="Oracle Corporation"/>
    <property name="sun.arch.data.model" value="64"/>
    <property name="java.vendor.url" value="https://java.oracle.com/"/>
    <property name="user.timezone" value="Europe/Istanbul"/>
    <property name="os.name" value="Mac OS X"/>
    <property name="java.vm.specification.version" value="14"/>
    <property name="sun.java.launcher" value="SUN_STANDARD"/>
    <property name="user.country" value="TR"/>
    <property name="sun.boot.library.path" value="/Library/Java/JavaVirtualMachines/jdk-14.0.1.jdk/Contents/Home/lib"/>
    <property name="sun.java.command" value="/Users/muammer/IdeaProjects/com.tau.cucumber.course/target/surefire/surefirebooter5030868385536106737.jar /Users/muammer/IdeaProjects/com.tau.cucumber.course/target/surefire 2020-11-08T02-07-23_400-jvmRun1 surefire2763268761834563864tmp surefire_0751946452457666098tmp"/>
    <property name="http.nonProxyHosts" value="local|*.local|169.254/16|*.169.254/16"/>
    <property name="jdk.debug" value="release"/>
    <property name="surefire.test.class.path" value="/Users/muammer/IdeaProjects/com.tau.cucumber.course/target/test-classes:/Users/muammer/IdeaProjects/com.tau.cucumber.course/target/classes:/Users/muammer/.m2/repository/io/cucumber/cucumber-java/6.8.2/cucumber-java-6.8.2.jar:/Users/muammer/.m2/repository/io/cucumber/cucumber-core/6.8.2/cucumber-core-6.8.2.jar:/Users/muammer/.m2/repository/io/cucumber/cucumber-gherkin/6.8.2/cucumber-gherkin-6.8.2.jar:/Users/muammer/.m2/repository/io/cucumber/cucumber-gherkin-messages/6.8.2/cucumber-gherkin-messages-6.8.2.jar:/Users/muammer/.m2/repository/io/cucumber/messages/13.1.0/messages-13.1.0.jar:/Users/muammer/.m2/repository/io/cucumber/tag-expressions/3.0.0/tag-expressions-3.0.0.jar:/Users/muammer/.m2/repository/io/cucumber/cucumber-expressions/10.3.0/cucumber-expressions-10.3.0.jar:/Users/muammer/.m2/repository/io/cucumber/datatable/3.5.0/datatable-3.5.0.jar:/Users/muammer/.m2/repository/io/cucumber/cucumber-plugin/6.8.2/cucumber-plugin-6.8.2.jar:/Users/muammer/.m2/repository/io/cucumber/docstring/6.8.2/docstring-6.8.2.jar:/Users/muammer/.m2/repository/io/cucumber/html-formatter/9.0.0/html-formatter-9.0.0.jar:/Users/muammer/.m2/repository/io/cucumber/create-meta/2.0.4/create-meta-2.0.4.jar:/Users/muammer/.m2/repository/org/apiguardian/apiguardian-api/1.1.0/apiguardian-api-1.1.0.jar:/Users/muammer/.m2/repository/io/cucumber/cucumber-junit/6.8.2/cucumber-junit-6.8.2.jar:/Users/muammer/.m2/repository/junit/junit/4.13.1/junit-4.13.1.jar:/Users/muammer/.m2/repository/org/hamcrest/hamcrest-core/1.3/hamcrest-core-1.3.jar:/Users/muammer/.m2/repository/org/seleniumhq/selenium/selenium-java/3.141.59/selenium-java-3.141.59.jar:/Users/muammer/.m2/repository/org/seleniumhq/selenium/selenium-api/3.141.59/selenium-api-3.141.59.jar:/Users/muammer/.m2/repository/org/seleniumhq/selenium/selenium-chrome-driver/3.141.59/selenium-chrome-driver-3.141.59.jar:/Users/muammer/.m2/repository/org/seleniumhq/selenium/selenium-edge-driver/3.141.59/selenium-edge-driver-3.141.59.jar:/Users/muammer/.m2/repository/org/seleniumhq/selenium/selenium-firefox-driver/3.141.59/selenium-firefox-driver-3.141.59.jar:/Users/muammer/.m2/repository/org/seleniumhq/selenium/selenium-ie-driver/3.141.59/selenium-ie-driver-3.141.59.jar:/Users/muammer/.m2/repository/org/seleniumhq/selenium/selenium-opera-driver/3.141.59/selenium-opera-driver-3.141.59.jar:/Users/muammer/.m2/repository/org/seleniumhq/selenium/selenium-remote-driver/3.141.59/selenium-remote-driver-3.141.59.jar:/Users/muammer/.m2/repository/org/seleniumhq/selenium/selenium-safari-driver/3.141.59/selenium-safari-driver-3.141.59.jar:/Users/muammer/.m2/repository/org/seleniumhq/selenium/selenium-support/3.141.59/selenium-support-3.141.59.jar:/Users/muammer/.m2/repository/net/bytebuddy/byte-buddy/1.8.15/byte-buddy-1.8.15.jar:/Users/muammer/.m2/repository/org/apache/commons/commons-exec/1.3/commons-exec-1.3.jar:/Users/muammer/.m2/repository/com/google/guava/guava/25.0-jre/guava-25.0-jre.jar:/Users/muammer/.m2/repository/com/google/code/findbugs/jsr305/1.3.9/jsr305-1.3.9.jar:/Users/muammer/.m2/repository/org/checkerframework/checker-compat-qual/2.0.0/checker-compat-qual-2.0.0.jar:/Users/muammer/.m2/repository/com/google/errorprone/error_prone_annotations/2.1.3/error_prone_annotations-2.1.3.jar:/Users/muammer/.m2/repository/com/google/j2objc/j2objc-annotations/1.1/j2objc-annotations-1.1.jar:/Users/muammer/.m2/repository/org/codehaus/mojo/animal-sniffer-annotations/1.14/animal-sniffer-annotations-1.14.jar:/Users/muammer/.m2/repository/com/squareup/okhttp3/okhttp/3.11.0/okhttp-3.11.0.jar:/Users/muammer/.m2/repository/com/squareup/okio/okio/1.14.0/okio-1.14.0.jar:/Users/muammer/.m2/repository/io/cucumber/cucumber-picocontainer/6.8.2/cucumber-picocontainer-6.8.2.jar:/Users/muammer/.m2/repository/org/picocontainer/picocontainer/2.15/picocontainer-2.15.jar:"/>
    <property name="sun.cpu.endian" value="little"/>
    <property name="user.home" value="/Users/muammer"/>
    <property name="user.language" value="en"/>
    <property name="java.specification.vendor" value="Oracle Corporation"/>
    <property name="java.version.date" value="2020-04-14"/>
    <property name="java.home" value="/Library/Java/JavaVirtualMachines/jdk-14.0.1.jdk/Contents/Home"/>
    <property name="file.separator" value="/"/>
    <property name="basedir" value="/Users/muammer/IdeaProjects/com.tau.cucumber.course"/>
    <property name="java.vm.compressedOopsMode" value="Zero based"/>
    <property name="line.separator" value="&#10;"/>
    <property name="java.specification.name" value="Java Platform API Specification"/>
    <property name="java.vm.specification.vendor" value="Oracle Corporation"/>
    <property name="surefire.real.class.path" value="/Users/muammer/IdeaProjects/com.tau.cucumber.course/target/surefire/surefirebooter5030868385536106737.jar"/>
    <property name="sun.management.compiler" value="HotSpot 64-Bit Tiered Compilers"/>
    <property name="ftp.nonProxyHosts" value="local|*.local|169.254/16|*.169.254/16"/>
    <property name="java.runtime.version" value="14.0.1+7"/>
    <property name="user.name" value="muammer"/>
    <property name="path.separator" value=":"/>
    <property name="os.version" value="10.15.7"/>
    <property name="java.runtime.name" value="Java(TM) SE Runtime Environment"/>
    <property name="file.encoding" value="UTF-8"/>
    <property name="java.vm.name" value="Java HotSpot(TM) 64-Bit Server VM"/>
    <property name="idea.version2020.1" value="true"/>
    <property name="localRepository" value="/Users/muammer/.m2/repository"/>
    <property name="java.vendor.url.bug" value="https://bugreport.java.com/bugreport/"/>
    <property name="java.io.tmpdir" value="/var/folders/tm/3xghml6x7_7b6_px5s9_s63w0000gn/T/"/>
    <property name="java.version" value="14.0.1"/>
    <property name="user.dir" value="/Users/muammer/IdeaProjects/com.tau.cucumber.course"/>
    <property name="os.arch" value="x86_64"/>
    <property name="java.vm.specification.name" value="Java Virtual Machine Specification"/>
    <property name="java.library.path" value="/Users/muammer/Library/Java/Extensions:/Library/Java/Extensions:/Network/Library/Java/Extensions:/System/Library/Java/Extensions:/usr/lib/java:."/>
    <property name="java.vm.info" value="mixed mode, sharing"/>
    <property name="java.vendor" value="Oracle Corporation"/>
    <property name="java.vm.version" value="14.0.1+7"/>
    <property name="sun.io.unicode.encoding" value="UnicodeBig"/>
    <property name="socksNonProxyHosts" value="local|*.local|169.254/16|*.169.254/16"/>
    <property name="java.class.version" value="58.0"/>
  </properties>
  <testcase name="Login Successful #1" classname="Login Functionality #1" time="12.486"/>
  <testcase name="Login Successful #2" classname="Login Functionality #1" time="7.948"/>
  <testcase name="Login Successful 3" classname="Login Functionality #1" time="7.306"/>
</testsuite>